<?xml version="1.0" encoding="UTF-8"?>
<testsuite xmlns:xsi="http://www.w3.org/2001/XMLSchema-instance" xsi:noNamespaceSchemaLocation="https://maven.apache.org/surefire/maven-surefire-plugin/xsd/surefire-test-report-3.0.xsd" version="3.0" name="TestSuite" time="9.981" tests="4" errors="0" skipped="0" failures="0">
  <properties>
    <property name="java.specification.version" value="17"/>
    <property name="sun.cpu.isalist" value="amd64"/>
    <property name="sun.jnu.encoding" value="Cp1252"/>
    <property name="java.class.path" value="C:\Users\pkatta\eclipse-workspace\PetStoreRestAssured\target\test-classes;C:\Users\pkatta\eclipse-workspace\PetStoreRestAssured\target\classes;C:\Users\pkatta\.m2\repository\io\rest-assured\rest-assured\5.4.0\rest-assured-5.4.0.jar;C:\Users\pkatta\.m2\repository\org\apache\groovy\groovy\4.0.16\groovy-4.0.16.jar;C:\Users\pkatta\.m2\repository\org\apache\groovy\groovy-xml\4.0.16\groovy-xml-4.0.16.jar;C:\Users\pkatta\.m2\repository\org\apache\httpcomponents\httpclient\4.5.13\httpclient-4.5.13.jar;C:\Users\pkatta\.m2\repository\org\apache\httpcomponents\httpcore\4.4.13\httpcore-4.4.13.jar;C:\Users\pkatta\.m2\repository\commons-logging\commons-logging\1.2\commons-logging-1.2.jar;C:\Users\pkatta\.m2\repository\org\apache\httpcomponents\httpmime\4.5.13\httpmime-4.5.13.jar;C:\Users\pkatta\.m2\repository\org\hamcrest\hamcrest\2.2\hamcrest-2.2.jar;C:\Users\pkatta\.m2\repository\org\ccil\cowan\tagsoup\tagsoup\1.2.1\tagsoup-1.2.1.jar;C:\Users\pkatta\.m2\repository\io\rest-assured\xml-path\5.4.0\xml-path-5.4.0.jar;C:\Users\pkatta\.m2\repository\io\rest-assured\json-path\5.4.0\json-path-5.4.0.jar;C:\Users\pkatta\.m2\repository\org\apache\groovy\groovy-json\4.0.16\groovy-json-4.0.16.jar;C:\Users\pkatta\.m2\repository\io\rest-assured\rest-assured-common\5.4.0\rest-assured-common-5.4.0.jar;C:\Users\pkatta\.m2\repository\org\json\json\20220320\json-20220320.jar;C:\Users\pkatta\.m2\repository\com\google\code\gson\gson\2.10.1\gson-2.10.1.jar;C:\Users\pkatta\.m2\repository\org\testng\testng\7.9.0\testng-7.9.0.jar;C:\Users\pkatta\.m2\repository\org\slf4j\slf4j-api\1.7.36\slf4j-api-1.7.36.jar;C:\Users\pkatta\.m2\repository\com\beust\jcommander\1.82\jcommander-1.82.jar;C:\Users\pkatta\.m2\repository\org\webjars\jquery\3.7.1\jquery-3.7.1.jar;C:\Users\pkatta\.m2\repository\com\github\scribejava\scribejava-apis\8.3.3\scribejava-apis-8.3.3.jar;C:\Users\pkatta\.m2\repository\com\github\scribejava\scribejava-core\8.3.3\scribejava-core-8.3.3.jar;C:\Users\pkatta\.m2\repository\com\github\scribejava\scribejava-java8\8.3.3\scribejava-java8-8.3.3.jar;C:\Users\pkatta\.m2\repository\com\fasterxml\jackson\core\jackson-databind\2.14.0\jackson-databind-2.14.0.jar;C:\Users\pkatta\.m2\repository\com\fasterxml\jackson\core\jackson-annotations\2.14.0\jackson-annotations-2.14.0.jar;C:\Users\pkatta\.m2\repository\com\fasterxml\jackson\core\jackson-core\2.14.0\jackson-core-2.14.0.jar;C:\Users\pkatta\.m2\repository\io\rest-assured\json-schema-validator\5.4.0\json-schema-validator-5.4.0.jar;C:\Users\pkatta\.m2\repository\com\github\java-json-tools\json-schema-validator\2.2.14\json-schema-validator-2.2.14.jar;C:\Users\pkatta\.m2\repository\com\github\java-json-tools\jackson-coreutils-equivalence\1.0\jackson-coreutils-equivalence-1.0.jar;C:\Users\pkatta\.m2\repository\com\github\java-json-tools\jackson-coreutils\2.0\jackson-coreutils-2.0.jar;C:\Users\pkatta\.m2\repository\com\github\java-json-tools\msg-simple\1.2\msg-simple-1.2.jar;C:\Users\pkatta\.m2\repository\com\github\java-json-tools\btf\1.3\btf-1.3.jar;C:\Users\pkatta\.m2\repository\com\github\java-json-tools\json-schema-core\1.2.14\json-schema-core-1.2.14.jar;C:\Users\pkatta\.m2\repository\com\github\java-json-tools\uri-template\0.10\uri-template-0.10.jar;C:\Users\pkatta\.m2\repository\org\mozilla\rhino\1.7.7.2\rhino-1.7.7.2.jar;C:\Users\pkatta\.m2\repository\com\sun\mail\mailapi\1.6.2\mailapi-1.6.2.jar;C:\Users\pkatta\.m2\repository\joda-time\joda-time\2.10.5\joda-time-2.10.5.jar;C:\Users\pkatta\.m2\repository\com\googlecode\libphonenumber\libphonenumber\8.11.1\libphonenumber-8.11.1.jar;C:\Users\pkatta\.m2\repository\com\google\code\findbugs\jsr305\3.0.2\jsr305-3.0.2.jar;C:\Users\pkatta\.m2\repository\net\sf\jopt-simple\jopt-simple\5.0.4\jopt-simple-5.0.4.jar;C:\Users\pkatta\.m2\repository\com\google\guava\guava\32.0.1-jre\guava-32.0.1-jre.jar;C:\Users\pkatta\.m2\repository\com\google\guava\failureaccess\1.0.1\failureaccess-1.0.1.jar;C:\Users\pkatta\.m2\repository\com\google\guava\listenablefuture\9999.0-empty-to-avoid-conflict-with-guava\listenablefuture-9999.0-empty-to-avoid-conflict-with-guava.jar;C:\Users\pkatta\.m2\repository\org\checkerframework\checker-qual\3.33.0\checker-qual-3.33.0.jar;C:\Users\pkatta\.m2\repository\com\google\errorprone\error_prone_annotations\2.18.0\error_prone_annotations-2.18.0.jar;C:\Users\pkatta\.m2\repository\com\google\j2objc\j2objc-annotations\2.8\j2objc-annotations-2.8.jar;C:\Users\pkatta\.m2\repository\xml-apis\xml-apis\1.0.b2\xml-apis-1.0.b2.jar;C:\Users\pkatta\.m2\repository\com\github\javafaker\javafaker\1.0.2\javafaker-1.0.2.jar;C:\Users\pkatta\.m2\repository\org\apache\commons\commons-lang3\3.5\commons-lang3-3.5.jar;C:\Users\pkatta\.m2\repository\org\yaml\snakeyaml\1.23\snakeyaml-1.23-android.jar;C:\Users\pkatta\.m2\repository\com\github\mifmif\generex\1.0.2\generex-1.0.2.jar;C:\Users\pkatta\.m2\repository\dk\brics\automaton\automaton\1.11-8\automaton-1.11-8.jar;C:\Users\pkatta\.m2\repository\com\aventstack\extentreports\5.0.9\extentreports-5.0.9.jar;C:\Users\pkatta\.m2\repository\io\reactivex\rxjava3\rxjava\3.0.4\rxjava-3.0.4.jar;C:\Users\pkatta\.m2\repository\org\reactivestreams\reactive-streams\1.0.3\reactive-streams-1.0.3.jar;C:\Users\pkatta\.m2\repository\org\freemarker\freemarker\2.3.30\freemarker-2.3.30.jar;C:\Users\pkatta\.m2\repository\org\projectlombok\lombok\1.18.12\lombok-1.18.12.jar;C:\Users\pkatta\.m2\repository\org\apache\poi\poi\5.2.2\poi-5.2.2.jar;C:\Users\pkatta\.m2\repository\commons-codec\commons-codec\1.15\commons-codec-1.15.jar;C:\Users\pkatta\.m2\repository\org\apache\commons\commons-collections4\4.4\commons-collections4-4.4.jar;C:\Users\pkatta\.m2\repository\org\apache\commons\commons-math3\3.6.1\commons-math3-3.6.1.jar;C:\Users\pkatta\.m2\repository\commons-io\commons-io\2.11.0\commons-io-2.11.0.jar;C:\Users\pkatta\.m2\repository\com\zaxxer\SparseBitSet\1.2\SparseBitSet-1.2.jar;C:\Users\pkatta\.m2\repository\org\apache\poi\poi-ooxml\5.2.2\poi-ooxml-5.2.2.jar;C:\Users\pkatta\.m2\repository\org\apache\poi\poi-ooxml-lite\5.2.2\poi-ooxml-lite-5.2.2.jar;C:\Users\pkatta\.m2\repository\org\apache\xmlbeans\xmlbeans\5.0.3\xmlbeans-5.0.3.jar;C:\Users\pkatta\.m2\repository\org\apache\commons\commons-compress\1.21\commons-compress-1.21.jar;C:\Users\pkatta\.m2\repository\com\github\virtuald\curvesapi\1.07\curvesapi-1.07.jar;C:\Users\pkatta\.m2\repository\org\apache\logging\log4j\log4j-api\2.22.1\log4j-api-2.22.1.jar;C:\Users\pkatta\.m2\repository\org\apache\logging\log4j\log4j-core\2.22.1\log4j-core-2.22.1.jar;C:\Users\pkatta\.m2\repository\org\seleniumhq\selenium\selenium-java\4.17.0\selenium-java-4.17.0.jar;C:\Users\pkatta\.m2\repository\org\seleniumhq\selenium\selenium-api\4.17.0\selenium-api-4.17.0.jar;C:\Users\pkatta\.m2\repository\org\seleniumhq\selenium\selenium-chrome-driver\4.17.0\selenium-chrome-driver-4.17.0.jar;C:\Users\pkatta\.m2\repository\com\google\auto\service\auto-service-annotations\1.1.1\auto-service-annotations-1.1.1.jar;C:\Users\pkatta\.m2\repository\org\seleniumhq\selenium\selenium-chromium-driver\4.17.0\selenium-chromium-driver-4.17.0.jar;C:\Users\pkatta\.m2\repository\org\seleniumhq\selenium\selenium-json\4.17.0\selenium-json-4.17.0.jar;C:\Users\pkatta\.m2\repository\org\seleniumhq\selenium\selenium-manager\4.17.0\selenium-manager-4.17.0.jar;C:\Users\pkatta\.m2\repository\org\seleniumhq\selenium\selenium-devtools-v119\4.17.0\selenium-devtools-v119-4.17.0.jar;C:\Users\pkatta\.m2\repository\org\seleniumhq\selenium\selenium-devtools-v120\4.17.0\selenium-devtools-v120-4.17.0.jar;C:\Users\pkatta\.m2\repository\org\seleniumhq\selenium\selenium-devtools-v121\4.17.0\selenium-devtools-v121-4.17.0.jar;C:\Users\pkatta\.m2\repository\org\seleniumhq\selenium\selenium-devtools-v85\4.17.0\selenium-devtools-v85-4.17.0.jar;C:\Users\pkatta\.m2\repository\org\seleniumhq\selenium\selenium-edge-driver\4.17.0\selenium-edge-driver-4.17.0.jar;C:\Users\pkatta\.m2\repository\org\seleniumhq\selenium\selenium-firefox-driver\4.17.0\selenium-firefox-driver-4.17.0.jar;C:\Users\pkatta\.m2\repository\org\seleniumhq\selenium\selenium-http\4.17.0\selenium-http-4.17.0.jar;C:\Users\pkatta\.m2\repository\dev\failsafe\failsafe\3.3.2\failsafe-3.3.2.jar;C:\Users\pkatta\.m2\repository\org\seleniumhq\selenium\selenium-ie-driver\4.17.0\selenium-ie-driver-4.17.0.jar;C:\Users\pkatta\.m2\repository\org\seleniumhq\selenium\selenium-remote-driver\4.17.0\selenium-remote-driver-4.17.0.jar;C:\Users\pkatta\.m2\repository\io\opentelemetry\semconv\opentelemetry-semconv\1.23.1-alpha\opentelemetry-semconv-1.23.1-alpha.jar;C:\Users\pkatta\.m2\repository\io\opentelemetry\opentelemetry-api\1.34.1\opentelemetry-api-1.34.1.jar;C:\Users\pkatta\.m2\repository\io\opentelemetry\opentelemetry-context\1.34.1\opentelemetry-context-1.34.1.jar;C:\Users\pkatta\.m2\repository\io\opentelemetry\opentelemetry-exporter-logging\1.34.1\opentelemetry-exporter-logging-1.34.1.jar;C:\Users\pkatta\.m2\repository\io\opentelemetry\opentelemetry-sdk-common\1.34.1\opentelemetry-sdk-common-1.34.1.jar;C:\Users\pkatta\.m2\repository\io\opentelemetry\opentelemetry-sdk-extension-autoconfigure-spi\1.34.1\opentelemetry-sdk-extension-autoconfigure-spi-1.34.1.jar;C:\Users\pkatta\.m2\repository\io\opentelemetry\opentelemetry-sdk-extension-autoconfigure\1.34.1\opentelemetry-sdk-extension-autoconfigure-1.34.1.jar;C:\Users\pkatta\.m2\repository\io\opentelemetry\opentelemetry-api-events\1.34.1-alpha\opentelemetry-api-events-1.34.1-alpha.jar;C:\Users\pkatta\.m2\repository\io\opentelemetry\opentelemetry-sdk-trace\1.34.1\opentelemetry-sdk-trace-1.34.1.jar;C:\Users\pkatta\.m2\repository\io\opentelemetry\opentelemetry-sdk\1.34.1\opentelemetry-sdk-1.34.1.jar;C:\Users\pkatta\.m2\repository\io\opentelemetry\opentelemetry-sdk-metrics\1.34.1\opentelemetry-sdk-metrics-1.34.1.jar;C:\Users\pkatta\.m2\repository\io\opentelemetry\opentelemetry-extension-incubator\1.34.1-alpha\opentelemetry-extension-incubator-1.34.1-alpha.jar;C:\Users\pkatta\.m2\repository\io\opentelemetry\opentelemetry-sdk-logs\1.34.1\opentelemetry-sdk-logs-1.34.1.jar;C:\Users\pkatta\.m2\repository\net\bytebuddy\byte-buddy\1.14.11\byte-buddy-1.14.11.jar;C:\Users\pkatta\.m2\repository\org\seleniumhq\selenium\selenium-os\4.17.0\selenium-os-4.17.0.jar;C:\Users\pkatta\.m2\repository\org\apache\commons\commons-exec\1.3\commons-exec-1.3.jar;C:\Users\pkatta\.m2\repository\org\seleniumhq\selenium\selenium-safari-driver\4.17.0\selenium-safari-driver-4.17.0.jar;C:\Users\pkatta\.m2\repository\org\seleniumhq\selenium\selenium-support\4.17.0\selenium-support-4.17.0.jar;"/>
    <property name="java.vm.vendor" value="Oracle Corporation"/>
    <property name="sun.arch.data.model" value="64"/>
    <property name="user.variant" value=""/>
    <property name="java.vendor.url" value="https://java.oracle.com/"/>
    <property name="user.timezone" value="Asia/Calcutta"/>
    <property name="os.name" value="Windows 10"/>
    <property name="java.vm.specification.version" value="17"/>
    <property name="sun.java.launcher" value="SUN_STANDARD"/>
    <property name="user.country" value="US"/>
    <property name="sun.boot.library.path" value="C:\Program Files\Java\jdk-17.0.2\bin"/>
    <property name="sun.java.command" value="C:\Users\pkatta\AppData\Local\Temp\surefire14607260109103502189\surefirebooter-20240205153347492_3.jar C:\Users\pkatta\AppData\Local\Temp\surefire14607260109103502189 2024-02-05T15-33-47_103-jvmRun1 surefire-20240205153347492_1tmp surefire_0-20240205153347492_2tmp"/>
    <property name="jdk.debug" value="release"/>
    <property name="surefire.test.class.path" value="C:\Users\pkatta\eclipse-workspace\PetStoreRestAssured\target\test-classes;C:\Users\pkatta\eclipse-workspace\PetStoreRestAssured\target\classes;C:\Users\pkatta\.m2\repository\io\rest-assured\rest-assured\5.4.0\rest-assured-5.4.0.jar;C:\Users\pkatta\.m2\repository\org\apache\groovy\groovy\4.0.16\groovy-4.0.16.jar;C:\Users\pkatta\.m2\repository\org\apache\groovy\groovy-xml\4.0.16\groovy-xml-4.0.16.jar;C:\Users\pkatta\.m2\repository\org\apache\httpcomponents\httpclient\4.5.13\httpclient-4.5.13.jar;C:\Users\pkatta\.m2\repository\org\apache\httpcomponents\httpcore\4.4.13\httpcore-4.4.13.jar;C:\Users\pkatta\.m2\repository\commons-logging\commons-logging\1.2\commons-logging-1.2.jar;C:\Users\pkatta\.m2\repository\org\apache\httpcomponents\httpmime\4.5.13\httpmime-4.5.13.jar;C:\Users\pkatta\.m2\repository\org\hamcrest\hamcrest\2.2\hamcrest-2.2.jar;C:\Users\pkatta\.m2\repository\org\ccil\cowan\tagsoup\tagsoup\1.2.1\tagsoup-1.2.1.jar;C:\Users\pkatta\.m2\repository\io\rest-assured\xml-path\5.4.0\xml-path-5.4.0.jar;C:\Users\pkatta\.m2\repository\io\rest-assured\json-path\5.4.0\json-path-5.4.0.jar;C:\Users\pkatta\.m2\repository\org\apache\groovy\groovy-json\4.0.16\groovy-json-4.0.16.jar;C:\Users\pkatta\.m2\repository\io\rest-assured\rest-assured-common\5.4.0\rest-assured-common-5.4.0.jar;C:\Users\pkatta\.m2\repository\org\json\json\20220320\json-20220320.jar;C:\Users\pkatta\.m2\repository\com\google\code\gson\gson\2.10.1\gson-2.10.1.jar;C:\Users\pkatta\.m2\repository\org\testng\testng\7.9.0\testng-7.9.0.jar;C:\Users\pkatta\.m2\repository\org\slf4j\slf4j-api\1.7.36\slf4j-api-1.7.36.jar;C:\Users\pkatta\.m2\repository\com\beust\jcommander\1.82\jcommander-1.82.jar;C:\Users\pkatta\.m2\repository\org\webjars\jquery\3.7.1\jquery-3.7.1.jar;C:\Users\pkatta\.m2\repository\com\github\scribejava\scribejava-apis\8.3.3\scribejava-apis-8.3.3.jar;C:\Users\pkatta\.m2\repository\com\github\scribejava\scribejava-core\8.3.3\scribejava-core-8.3.3.jar;C:\Users\pkatta\.m2\repository\com\github\scribejava\scribejava-java8\8.3.3\scribejava-java8-8.3.3.jar;C:\Users\pkatta\.m2\repository\com\fasterxml\jackson\core\jackson-databind\2.14.0\jackson-databind-2.14.0.jar;C:\Users\pkatta\.m2\repository\com\fasterxml\jackson\core\jackson-annotations\2.14.0\jackson-annotations-2.14.0.jar;C:\Users\pkatta\.m2\repository\com\fasterxml\jackson\core\jackson-core\2.14.0\jackson-core-2.14.0.jar;C:\Users\pkatta\.m2\repository\io\rest-assured\json-schema-validator\5.4.0\json-schema-validator-5.4.0.jar;C:\Users\pkatta\.m2\repository\com\github\java-json-tools\json-schema-validator\2.2.14\json-schema-validator-2.2.14.jar;C:\Users\pkatta\.m2\repository\com\github\java-json-tools\jackson-coreutils-equivalence\1.0\jackson-coreutils-equivalence-1.0.jar;C:\Users\pkatta\.m2\repository\com\github\java-json-tools\jackson-coreutils\2.0\jackson-coreutils-2.0.jar;C:\Users\pkatta\.m2\repository\com\github\java-json-tools\msg-simple\1.2\msg-simple-1.2.jar;C:\Users\pkatta\.m2\repository\com\github\java-json-tools\btf\1.3\btf-1.3.jar;C:\Users\pkatta\.m2\repository\com\github\java-json-tools\json-schema-core\1.2.14\json-schema-core-1.2.14.jar;C:\Users\pkatta\.m2\repository\com\github\java-json-tools\uri-template\0.10\uri-template-0.10.jar;C:\Users\pkatta\.m2\repository\org\mozilla\rhino\1.7.7.2\rhino-1.7.7.2.jar;C:\Users\pkatta\.m2\repository\com\sun\mail\mailapi\1.6.2\mailapi-1.6.2.jar;C:\Users\pkatta\.m2\repository\joda-time\joda-time\2.10.5\joda-time-2.10.5.jar;C:\Users\pkatta\.m2\repository\com\googlecode\libphonenumber\libphonenumber\8.11.1\libphonenumber-8.11.1.jar;C:\Users\pkatta\.m2\repository\com\google\code\findbugs\jsr305\3.0.2\jsr305-3.0.2.jar;C:\Users\pkatta\.m2\repository\net\sf\jopt-simple\jopt-simple\5.0.4\jopt-simple-5.0.4.jar;C:\Users\pkatta\.m2\repository\com\google\guava\guava\32.0.1-jre\guava-32.0.1-jre.jar;C:\Users\pkatta\.m2\repository\com\google\guava\failureaccess\1.0.1\failureaccess-1.0.1.jar;C:\Users\pkatta\.m2\repository\com\google\guava\listenablefuture\9999.0-empty-to-avoid-conflict-with-guava\listenablefuture-9999.0-empty-to-avoid-conflict-with-guava.jar;C:\Users\pkatta\.m2\repository\org\checkerframework\checker-qual\3.33.0\checker-qual-3.33.0.jar;C:\Users\pkatta\.m2\repository\com\google\errorprone\error_prone_annotations\2.18.0\error_prone_annotations-2.18.0.jar;C:\Users\pkatta\.m2\repository\com\google\j2objc\j2objc-annotations\2.8\j2objc-annotations-2.8.jar;C:\Users\pkatta\.m2\repository\xml-apis\xml-apis\1.0.b2\xml-apis-1.0.b2.jar;C:\Users\pkatta\.m2\repository\com\github\javafaker\javafaker\1.0.2\javafaker-1.0.2.jar;C:\Users\pkatta\.m2\repository\org\apache\commons\commons-lang3\3.5\commons-lang3-3.5.jar;C:\Users\pkatta\.m2\repository\org\yaml\snakeyaml\1.23\snakeyaml-1.23-android.jar;C:\Users\pkatta\.m2\repository\com\github\mifmif\generex\1.0.2\generex-1.0.2.jar;C:\Users\pkatta\.m2\repository\dk\brics\automaton\automaton\1.11-8\automaton-1.11-8.jar;C:\Users\pkatta\.m2\repository\com\aventstack\extentreports\5.0.9\extentreports-5.0.9.jar;C:\Users\pkatta\.m2\repository\io\reactivex\rxjava3\rxjava\3.0.4\rxjava-3.0.4.jar;C:\Users\pkatta\.m2\repository\org\reactivestreams\reactive-streams\1.0.3\reactive-streams-1.0.3.jar;C:\Users\pkatta\.m2\repository\org\freemarker\freemarker\2.3.30\freemarker-2.3.30.jar;C:\Users\pkatta\.m2\repository\org\projectlombok\lombok\1.18.12\lombok-1.18.12.jar;C:\Users\pkatta\.m2\repository\org\apache\poi\poi\5.2.2\poi-5.2.2.jar;C:\Users\pkatta\.m2\repository\commons-codec\commons-codec\1.15\commons-codec-1.15.jar;C:\Users\pkatta\.m2\repository\org\apache\commons\commons-collections4\4.4\commons-collections4-4.4.jar;C:\Users\pkatta\.m2\repository\org\apache\commons\commons-math3\3.6.1\commons-math3-3.6.1.jar;C:\Users\pkatta\.m2\repository\commons-io\commons-io\2.11.0\commons-io-2.11.0.jar;C:\Users\pkatta\.m2\repository\com\zaxxer\SparseBitSet\1.2\SparseBitSet-1.2.jar;C:\Users\pkatta\.m2\repository\org\apache\poi\poi-ooxml\5.2.2\poi-ooxml-5.2.2.jar;C:\Users\pkatta\.m2\repository\org\apache\poi\poi-ooxml-lite\5.2.2\poi-ooxml-lite-5.2.2.jar;C:\Users\pkatta\.m2\repository\org\apache\xmlbeans\xmlbeans\5.0.3\xmlbeans-5.0.3.jar;C:\Users\pkatta\.m2\repository\org\apache\commons\commons-compress\1.21\commons-compress-1.21.jar;C:\Users\pkatta\.m2\repository\com\github\virtuald\curvesapi\1.07\curvesapi-1.07.jar;C:\Users\pkatta\.m2\repository\org\apache\logging\log4j\log4j-api\2.22.1\log4j-api-2.22.1.jar;C:\Users\pkatta\.m2\repository\org\apache\logging\log4j\log4j-core\2.22.1\log4j-core-2.22.1.jar;C:\Users\pkatta\.m2\repository\org\seleniumhq\selenium\selenium-java\4.17.0\selenium-java-4.17.0.jar;C:\Users\pkatta\.m2\repository\org\seleniumhq\selenium\selenium-api\4.17.0\selenium-api-4.17.0.jar;C:\Users\pkatta\.m2\repository\org\seleniumhq\selenium\selenium-chrome-driver\4.17.0\selenium-chrome-driver-4.17.0.jar;C:\Users\pkatta\.m2\repository\com\google\auto\service\auto-service-annotations\1.1.1\auto-service-annotations-1.1.1.jar;C:\Users\pkatta\.m2\repository\org\seleniumhq\selenium\selenium-chromium-driver\4.17.0\selenium-chromium-driver-4.17.0.jar;C:\Users\pkatta\.m2\repository\org\seleniumhq\selenium\selenium-json\4.17.0\selenium-json-4.17.0.jar;C:\Users\pkatta\.m2\repository\org\seleniumhq\selenium\selenium-manager\4.17.0\selenium-manager-4.17.0.jar;C:\Users\pkatta\.m2\repository\org\seleniumhq\selenium\selenium-devtools-v119\4.17.0\selenium-devtools-v119-4.17.0.jar;C:\Users\pkatta\.m2\repository\org\seleniumhq\selenium\selenium-devtools-v120\4.17.0\selenium-devtools-v120-4.17.0.jar;C:\Users\pkatta\.m2\repository\org\seleniumhq\selenium\selenium-devtools-v121\4.17.0\selenium-devtools-v121-4.17.0.jar;C:\Users\pkatta\.m2\repository\org\seleniumhq\selenium\selenium-devtools-v85\4.17.0\selenium-devtools-v85-4.17.0.jar;C:\Users\pkatta\.m2\repository\org\seleniumhq\selenium\selenium-edge-driver\4.17.0\selenium-edge-driver-4.17.0.jar;C:\Users\pkatta\.m2\repository\org\seleniumhq\selenium\selenium-firefox-driver\4.17.0\selenium-firefox-driver-4.17.0.jar;C:\Users\pkatta\.m2\repository\org\seleniumhq\selenium\selenium-http\4.17.0\selenium-http-4.17.0.jar;C:\Users\pkatta\.m2\repository\dev\failsafe\failsafe\3.3.2\failsafe-3.3.2.jar;C:\Users\pkatta\.m2\repository\org\seleniumhq\selenium\selenium-ie-driver\4.17.0\selenium-ie-driver-4.17.0.jar;C:\Users\pkatta\.m2\repository\org\seleniumhq\selenium\selenium-remote-driver\4.17.0\selenium-remote-driver-4.17.0.jar;C:\Users\pkatta\.m2\repository\io\opentelemetry\semconv\opentelemetry-semconv\1.23.1-alpha\opentelemetry-semconv-1.23.1-alpha.jar;C:\Users\pkatta\.m2\repository\io\opentelemetry\opentelemetry-api\1.34.1\opentelemetry-api-1.34.1.jar;C:\Users\pkatta\.m2\repository\io\opentelemetry\opentelemetry-context\1.34.1\opentelemetry-context-1.34.1.jar;C:\Users\pkatta\.m2\repository\io\opentelemetry\opentelemetry-exporter-logging\1.34.1\opentelemetry-exporter-logging-1.34.1.jar;C:\Users\pkatta\.m2\repository\io\opentelemetry\opentelemetry-sdk-common\1.34.1\opentelemetry-sdk-common-1.34.1.jar;C:\Users\pkatta\.m2\repository\io\opentelemetry\opentelemetry-sdk-extension-autoconfigure-spi\1.34.1\opentelemetry-sdk-extension-autoconfigure-spi-1.34.1.jar;C:\Users\pkatta\.m2\repository\io\opentelemetry\opentelemetry-sdk-extension-autoconfigure\1.34.1\opentelemetry-sdk-extension-autoconfigure-1.34.1.jar;C:\Users\pkatta\.m2\repository\io\opentelemetry\opentelemetry-api-events\1.34.1-alpha\opentelemetry-api-events-1.34.1-alpha.jar;C:\Users\pkatta\.m2\repository\io\opentelemetry\opentelemetry-sdk-trace\1.34.1\opentelemetry-sdk-trace-1.34.1.jar;C:\Users\pkatta\.m2\repository\io\opentelemetry\opentelemetry-sdk\1.34.1\opentelemetry-sdk-1.34.1.jar;C:\Users\pkatta\.m2\repository\io\opentelemetry\opentelemetry-sdk-metrics\1.34.1\opentelemetry-sdk-metrics-1.34.1.jar;C:\Users\pkatta\.m2\repository\io\opentelemetry\opentelemetry-extension-incubator\1.34.1-alpha\opentelemetry-extension-incubator-1.34.1-alpha.jar;C:\Users\pkatta\.m2\repository\io\opentelemetry\opentelemetry-sdk-logs\1.34.1\opentelemetry-sdk-logs-1.34.1.jar;C:\Users\pkatta\.m2\repository\net\bytebuddy\byte-buddy\1.14.11\byte-buddy-1.14.11.jar;C:\Users\pkatta\.m2\repository\org\seleniumhq\selenium\selenium-os\4.17.0\selenium-os-4.17.0.jar;C:\Users\pkatta\.m2\repository\org\apache\commons\commons-exec\1.3\commons-exec-1.3.jar;C:\Users\pkatta\.m2\repository\org\seleniumhq\selenium\selenium-safari-driver\4.17.0\selenium-safari-driver-4.17.0.jar;C:\Users\pkatta\.m2\repository\org\seleniumhq\selenium\selenium-support\4.17.0\selenium-support-4.17.0.jar;"/>
    <property name="sun.cpu.endian" value="little"/>
    <property name="user.home" value="C:\Users\pkatta"/>
    <property name="user.language" value="en"/>
    <property name="java.specification.vendor" value="Oracle Corporation"/>
    <property name="java.version.date" value="2022-01-18"/>
    <property name="java.home" value="C:\Program Files\Java\jdk-17.0.2"/>
    <property name="file.separator" value="\"/>
    <property name="basedir" value="C:\Users\pkatta\eclipse-workspace\PetStoreRestAssured"/>
    <property name="java.vm.compressedOopsMode" value="Zero based"/>
    <property name="line.separator" value="&#10;"/>
    <property name="java.vm.specification.vendor" value="Oracle Corporation"/>
    <property name="java.specification.name" value="Java Platform API Specification"/>
    <property name="surefire.real.class.path" value="C:\Users\pkatta\AppData\Local\Temp\surefire14607260109103502189\surefirebooter-20240205153347492_3.jar"/>
    <property name="user.script" value=""/>
    <property name="sun.management.compiler" value="HotSpot 64-Bit Tiered Compilers"/>
    <property name="java.runtime.version" value="17.0.2+8-86"/>
    <property name="user.name" value="pkatta"/>
    <property name="path.separator" value=";"/>
    <property name="os.version" value="10.0"/>
    <property name="java.runtime.name" value="OpenJDK Runtime Environment"/>
    <property name="file.encoding" value="Cp1252"/>
    <property name="java.vm.name" value="OpenJDK 64-Bit Server VM"/>
    <property name="localRepository" value="C:\Users\pkatta\.m2\repository"/>
    <property name="java.vendor.url.bug" value="https://bugreport.java.com/bugreport/"/>
    <property name="java.io.tmpdir" value="C:\Users\pkatta\AppData\Local\Temp\"/>
    <property name="java.version" value="17.0.2"/>
    <property name="user.dir" value="C:\Users\pkatta\eclipse-workspace\PetStoreRestAssured"/>
    <property name="os.arch" value="amd64"/>
    <property name="java.vm.specification.name" value="Java Virtual Machine Specification"/>
    <property name="sun.os.patch.level" value=""/>
    <property name="native.encoding" value="Cp1252"/>
    <property name="java.library.path" value="C:\Program Files\Java\jdk-17.0.2\bin;C:\Windows\Sun\Java\bin;C:\Windows\system32;C:\Windows;C:\Program Files\Java\jdk-17.0.2\bin;C:\Program Files\Java\jdk-11.0.2\bin;C:\Program Files (x86)\Common Files\Oracle\Java\javapath;C:\Windows\system32;C:\Windows;C:\Windows\System32\Wbem;C:\Windows\System32\WindowsPowerShell\v1.0\;C:\Windows\System32\OpenSSH\;C:\Program Files\dotnet\;C:\Program Files (x86)\Intel\Intel(R) Management Engine Components\DAL;C:\Program Files\Intel\Intel(R) Management Engine Components\DAL;C:\Program Files\Java\jdk1.8.0_251\bin;C:\Maven\apache-maven-3.6.1\bin;C:\Gradle\gradle-5.4\bin;C:\Program Files\nodejs\;C:\Program Files\nodejs\node_modules;C:\Users\pkatta\AppData\Local\Microsoft\WindowsApps;C:\Users\pkatta\AppData\Roaming\npm;."/>
    <property name="java.vm.info" value="mixed mode, sharing"/>
    <property name="java.vendor" value="Oracle Corporation"/>
    <property name="java.vm.version" value="17.0.2+8-86"/>
    <property name="sun.io.unicode.encoding" value="UnicodeLittle"/>
    <property name="java.class.version" value="61.0"/>
  </properties>
  <testcase name="testPostUser" classname="api.test.UserTests2" time="3.131">
    <system-out><![CDATA[HTTP/1.1 200 OK
Date: Mon, 05 Feb 2024 10:03:52 GMT
Content-Type: application/json
Transfer-Encoding: chunked
Connection: keep-alive
Access-Control-Allow-Origin: *
Access-Control-Allow-Methods: GET, POST, DELETE, PUT
Access-Control-Allow-Headers: Content-Type, api_key, Authorization
Server: Jetty(9.2.9.v20150224)

{
    "code": 200,
    "type": "unknown",
    "message": "1720891078"
}
]]></system-out>
    <system-err><![CDATA[SLF4J: Failed to load class "org.slf4j.impl.StaticLoggerBinder".
SLF4J: Defaulting to no-operation (NOP) logger implementation
SLF4J: See http://www.slf4j.org/codes.html#StaticLoggerBinder for further details.
]]></system-err>
  </testcase>
  <testcase name="testGetUserByName" classname="api.test.UserTests2" time="1.223">
    <system-out><![CDATA[HTTP/1.1 200 OK
Date: Mon, 05 Feb 2024 10:03:53 GMT
Content-Type: application/json
Transfer-Encoding: chunked
Connection: keep-alive
Access-Control-Allow-Origin: *
Access-Control-Allow-Methods: GET, POST, DELETE, PUT
Access-Control-Allow-Headers: Content-Type, api_key, Authorization
Server: Jetty(9.2.9.v20150224)

{
    "id": 1720891078,
    "username": "maryjane.bechtelar",
    "email": "lou.flatley@example.com",
    "password": "g3usrq",
    "phone": "(814) 900-4850",
    "userStatus": 0
}
]]></system-out>
  </testcase>
  <testcase name="testUpdateUserByName" classname="api.test.UserTests2" time="2.292">
    <system-out><![CDATA[HTTP/1.1 200 OK
Date: Mon, 05 Feb 2024 10:03:54 GMT
Content-Type: application/json
Transfer-Encoding: chunked
Connection: keep-alive
Access-Control-Allow-Origin: *
Access-Control-Allow-Methods: GET, POST, DELETE, PUT
Access-Control-Allow-Headers: Content-Type, api_key, Authorization
Server: Jetty(9.2.9.v20150224)

{
    "code": 200,
    "type": "unknown",
    "message": "1720891078"
}
]]></system-out>
  </testcase>
  <testcase name="testDeleteUserByName" classname="api.test.UserTests2" time="1.195"/>
</testsuite>