<?xml version="1.0" encoding="UTF-8"?>
<!-- Generated by org.testng.reporters.JUnitReportReporter -->
<testsuite hostname="HYD-LAP-00926" failures="0" tests="4" name="api.test.UserTests2" time="7.817" errors="0" timestamp="2024-02-05T14:54:47 IST" skipped="0">
  <testcase classname="api.test.UserTests2" name="testPostUser" time="3.039"/>
  <testcase classname="api.test.UserTests2" name="testGetUserByName" time="1.230"/>
  <testcase classname="api.test.UserTests2" name="testUpdateUserByName" time="2.384"/>
  <testcase classname="api.test.UserTests2" name="testDeleteUserByName" time="1.164"/>
</testsuite> <!-- api.test.UserTests2 -->
