<?xml version="1.0" encoding="UTF-8"?>
<!-- Generated by org.testng.reporters.JUnitReportReporter -->
<testsuite hostname="HYD-LAP-00926" failures="0" tests="4" name="api.test.UserTests2" time="10.320" errors="0" timestamp="2024-02-12T16:45:03 IST" skipped="0">
  <testcase classname="api.test.UserTests2" name="testPostUser" time="4.408"/>
  <testcase classname="api.test.UserTests2" name="testGetUserByName" time="1.519"/>
  <testcase classname="api.test.UserTests2" name="testUpdateUserByName" time="2.934"/>
  <testcase classname="api.test.UserTests2" name="testDeleteUserByName" time="1.459"/>
</testsuite> <!-- api.test.UserTests2 -->
