<?xml version="1.0" encoding="UTF-8"?>
<!-- Generated by org.testng.reporters.JUnitReportReporter -->
<testsuite hostname="HYD-LAP-00926" failures="0" tests="4" name="api.test.UserTests" time="9.817" errors="0" timestamp="2024-02-05T14:13:28 IST" skipped="0">
  <testcase classname="api.test.UserTests" name="testPostUser" time="3.940"/>
  <testcase classname="api.test.UserTests" name="testGetUserByName" time="1.562"/>
  <testcase classname="api.test.UserTests" name="testUpdateUserByName" time="2.853"/>
  <testcase classname="api.test.UserTests" name="testDeleteUserByName" time="1.462"/>
</testsuite> <!-- api.test.UserTests -->
